#
# There is insufficient memory for the Java Runtime Environment to continue.
# Native memory allocation (mmap) failed to map 131072 bytes for committing reserved memory.
# Possible reasons:
#   The system is out of physical RAM or swap space
#   In 32 bit mode, the process size limit was hit
# Possible solutions:
#   Reduce memory load on the system
#   Increase physical memory or swap space
#   Check if swap backing store is full
#   Use 64 bit Java on a 64 bit OS
#   Decrease Java heap size (-Xmx/-Xms)
#   Decrease number of Java threads
#   Decrease Java thread stack sizes (-Xss)
#   Set larger code cache with -XX:ReservedCodeCacheSize=
# This output file may be truncated or incomplete.
#
#  Out of Memory Error (os_linux.cpp:2640), pid=10753, tid=0x00007fefa3fff700
#
# JRE version: Java(TM) SE Runtime Environment (8.0_161-b12) (build 1.8.0_161-b12)
# Java VM: Java HotSpot(TM) 64-Bit Server VM (25.161-b12 mixed mode linux-amd64 compressed oops)
# Failed to write core dump. Core dumps have been disabled. To enable core dumping, try "ulimit -c unlimited" before starting Java again
#

---------------  T H R E A D  ---------------

Current thread (0x00007fefbc1d9000):  JavaThread "main" [_thread_in_vm, id=10765, stack(0x00007fefa3eff000,0x00007fefa4000000)]

Stack: [0x00007fefa3eff000,0x00007fefa4000000],  sp=0x00007fefa3ffbff0,  free space=1011k
Native frames: (J=compiled Java code, j=interpreted, Vv=VM code, C=native code)
V  [libjvm.so+0xacf94a]  VMError::report_and_die()+0x2ba
V  [libjvm.so+0x50050b]  report_vm_out_of_memory(char const*, int, unsigned long, VMErrorType, char const*)+0x8b
V  [libjvm.so+0x92b133]  os::Linux::commit_memory_impl(char*, unsigned long, bool)+0x103
V  [libjvm.so+0x92b5c9]  os::pd_commit_memory(char*, unsigned long, unsigned long, bool)+0x29
V  [libjvm.so+0x924c0a]  os::commit_memory(char*, unsigned long, unsigned long, bool)+0x2a
V  [libjvm.so+0xacb629]  VirtualSpace::expand_by(unsigned long, bool)+0x199
V  [libjvm.so+0x8a8fa6]  VirtualSpaceList::expand_node_by(VirtualSpaceNode*, unsigned long, unsigned long)+0x76
V  [libjvm.so+0x8abdc0]  VirtualSpaceList::expand_by(unsigned long, unsigned long)+0xf0
V  [libjvm.so+0x8abf53]  VirtualSpaceList::get_new_chunk(unsigned long, unsigned long, unsigned long)+0xb3
V  [libjvm.so+0x8adaa2]  SpaceManager::grow_and_allocate(unsigned long)+0x2d2
V  [libjvm.so+0x8adcab]  SpaceManager::allocate_work(unsigned long)+0x14b
V  [libjvm.so+0x8add3c]  SpaceManager::allocate(unsigned long)+0x7c
V  [libjvm.so+0x8adf8e]  Metaspace::allocate(ClassLoaderData*, unsigned long, bool, MetaspaceObj::Type, Thread*)+0x17e
V  [libjvm.so+0x908764]  ObjArrayKlass::allocate_objArray_klass(ClassLoaderData*, int, KlassHandle, Thread*)+0xc4
V  [libjvm.so+0x64559a]  InstanceKlass::array_klass_impl(instanceKlassHandle, bool, int, Thread*)+0xfa
V  [libjvm.so+0x64bfd6]  InstanceKlass::allocate_objArray(int, int, Thread*)+0x116
V  [libjvm.so+0x68ef46]  InterpreterRuntime::anewarray(JavaThread*, ConstantPool*, int, int)+0x2e6
j  org.springframework.web.servlet.mvc.method.annotation.RequestMappingHandlerAdapter.<init>()V+41
j  org.springframework.web.servlet.config.annotation.WebMvcConfigurationSupport.requestMappingHandlerAdapter()Lorg/springframework/web/servlet/mvc/method/annotation/RequestMappingHandlerAdapter;+30
j  org.springframework.boot.autoconfigure.web.WebMvcAutoConfiguration$EnableWebMvcConfiguration.requestMappingHandlerAdapter()Lorg/springframework/web/servlet/mvc/method/annotation/RequestMappingHandlerAdapter;+1
j  org.springframework.boot.autoconfigure.web.WebMvcAutoConfiguration$EnableWebMvcConfiguration$$EnhancerBySpringCGLIB$$c363976b.CGLIB$requestMappingHandlerAdapter$1()Lorg/springframework/web/servlet/mvc/method/annotation/RequestMappingHandlerAdapter;+1
j  org.springframework.boot.autoconfigure.web.WebMvcAutoConfiguration$EnableWebMvcConfiguration$$EnhancerBySpringCGLIB$$c363976b$$FastClassBySpringCGLIB$$683d498c.invoke(ILjava/lang/Object;[Ljava/lang/Object;)Ljava/lang/Object;+344
j  org.springframework.cglib.proxy.MethodProxy.invokeSuper(Ljava/lang/Object;[Ljava/lang/Object;)Ljava/lang/Object;+19
j  org.springframework.context.annotation.ConfigurationClassEnhancer$BeanMethodInterceptor.intercept(Ljava/lang/Object;Ljava/lang/reflect/Method;[Ljava/lang/Object;Lorg/springframework/cglib/proxy/MethodProxy;)Ljava/lang/Object;+214
j  org.springframework.boot.autoconfigure.web.WebMvcAutoConfiguration$EnableWebMvcConfiguration$$EnhancerBySpringCGLIB$$c363976b.requestMappingHandlerAdapter()Lorg/springframework/web/servlet/mvc/method/annotation/RequestMappingHandlerAdapter;+31
v  ~StubRoutines::call_stub
V  [libjvm.so+0x695ae6]  JavaCalls::call_helper(JavaValue*, methodHandle*, JavaCallArguments*, Thread*)+0x1056
V  [libjvm.so+0x9a3fa7]  Reflection::invoke(instanceKlassHandle, methodHandle, Handle, bool, objArrayHandle, BasicType, objArrayHandle, bool, Thread*)+0x5d7
V  [libjvm.so+0x9a76b7]  Reflection::invoke_method(oopDesc*, Handle, objArrayHandle, Thread*)+0x147
V  [libjvm.so+0x72962b]  JVM_InvokeMethod+0x26b
J 1400  sun.reflect.NativeMethodAccessorImpl.invoke0(Ljava/lang/reflect/Method;Ljava/lang/Object;[Ljava/lang/Object;)Ljava/lang/Object; (0 bytes) @ 0x00007fefaccc51ad [0x00007fefaccc50c0+0xed]
J 1399 C1 sun.reflect.NativeMethodAccessorImpl.invoke(Ljava/lang/Object;[Ljava/lang/Object;)Ljava/lang/Object; (104 bytes) @ 0x00007fefaccc670c [0x00007fefaccc5580+0x118c]
J 1036 C1 sun.reflect.DelegatingMethodAccessorImpl.invoke(Ljava/lang/Object;[Ljava/lang/Object;)Ljava/lang/Object; (10 bytes) @ 0x00007fefacb92b04 [0x00007fefacb92a00+0x104]
J 1011 C1 java.lang.reflect.Method.invoke(Ljava/lang/Object;[Ljava/lang/Object;)Ljava/lang/Object; (62 bytes) @ 0x00007fefacb81a4c [0x00007fefacb81660+0x3ec]
j  org.springframework.beans.factory.support.SimpleInstantiationStrategy.instantiate(Lorg/springframework/beans/factory/support/RootBeanDefinition;Ljava/lang/String;Lorg/springframework/beans/factory/BeanFactory;Ljava/lang/Object;Ljava/lang/reflect/Method;[Ljava/lang/Object;)Ljava/lang/Object;+53
j  org.springframework.beans.factory.support.ConstructorResolver.instantiateUsingFactoryMethod(Ljava/lang/String;Lorg/springframework/beans/factory/support/RootBeanDefinition;[Ljava/lang/Object;)Lorg/springframework/beans/BeanWrapper;+1441
j  org.springframework.beans.factory.support.AbstractAutowireCapableBeanFactory.instantiateUsingFactoryMethod(Ljava/lang/String;Lorg/springframework/beans/factory/support/RootBeanDefinition;[Ljava/lang/Object;)Lorg/springframework/beans/BeanWrapper;+11
j  org.springframework.beans.factory.support.AbstractAutowireCapableBeanFactory.createBeanInstance(Ljava/lang/String;Lorg/springframework/beans/factory/support/RootBeanDefinition;[Ljava/lang/Object;)Lorg/springframework/beans/BeanWrapper;+82
j  org.springframework.beans.factory.support.AbstractAutowireCapableBeanFactory.doCreateBean(Ljava/lang/String;Lorg/springframework/beans/factory/support/RootBeanDefinition;[Ljava/lang/Object;)Ljava/lang/Object;+34
j  org.springframework.beans.factory.support.AbstractAutowireCapableBeanFactory.createBean(Ljava/lang/String;Lorg/springframework/beans/factory/support/RootBeanDefinition;[Ljava/lang/Object;)Ljava/lang/Object;+169
j  org.springframework.beans.factory.support.AbstractBeanFactory$1.getObject()Ljava/lang/Object;+16
j  org.springframework.beans.factory.support.DefaultSingletonBeanRegistry.getSingleton(Ljava/lang/String;Lorg/springframework/beans/factory/ObjectFactory;)Ljava/lang/Object;+132
J 2083 C1 org.springframework.beans.factory.support.AbstractBeanFactory.doGetBean(Ljava/lang/String;Ljava/lang/Class;[Ljava/lang/Object;Z)Ljava/lang/Object; (732 bytes) @ 0x00007fefaced4e1c [0x00007fefaced4840+0x5dc]
j  org.springframework.beans.factory.support.AbstractBeanFactory.getBean(Ljava/lang/String;)Ljava/lang/Object;+5
j  org.springframework.beans.factory.support.DefaultListableBeanFactory.preInstantiateSingletons()V+231
j  org.springframework.context.support.AbstractApplicationContext.finishBeanFactoryInitialization(Lorg/springframework/beans/factory/config/ConfigurableListableBeanFactory;)V+103
j  org.springframework.context.support.AbstractApplicationContext.refresh()V+54
j  org.springframework.boot.context.embedded.EmbeddedWebApplicationContext.refresh()V+1
j  org.springframework.boot.SpringApplication.refresh(Lorg/springframework/context/ApplicationContext;)V+10
j  org.springframework.boot.SpringApplication.doRun(Lorg/springframework/boot/SpringApplicationRunListeners;[Ljava/lang/String;)Lorg/springframework/context/ConfigurableApplicationContext;+184
j  org.springframework.boot.SpringApplication.run([Ljava/lang/String;)Lorg/springframework/context/ConfigurableApplicationContext;+34
j  org.springframework.boot.SpringApplication.run([Ljava/lang/Object;[Ljava/lang/String;)Lorg/springframework/context/ConfigurableApplicationContext;+9
j  org.springframework.boot.SpringApplication.run(Ljava/lang/Object;[Ljava/lang/String;)Lorg/springframework/context/ConfigurableApplicationContext;+9
j  demo.RunningLocationUpdaterApplication.main([Ljava/lang/String;)V+3
v  ~StubRoutines::call_stub
V  [libjvm.so+0x695ae6]  JavaCalls::call_helper(JavaValue*, methodHandle*, JavaCallArguments*, Thread*)+0x1056
V  [libjvm.so+0x9a3fa7]  Reflection::invoke(instanceKlassHandle, methodHandle, Handle, bool, objArrayHandle, BasicType, objArrayHandle, bool, Thread*)+0x5d7
V  [libjvm.so+0x9a76b7]  Reflection::invoke_method(oopDesc*, Handle, objArrayHandle, Thread*)+0x147
V  [libjvm.so+0x72962b]  JVM_InvokeMethod+0x26b
j  sun.reflect.NativeMethodAccessorImpl.invoke0(Ljava/lang/reflect/Method;Ljava/lang/Object;[Ljava/lang/Object;)Ljava/lang/Object;+0
j  sun.reflect.NativeMethodAccessorImpl.invoke(Ljava/lang/Object;[Ljava/lang/Object;)Ljava/lang/Object;+100
j  sun.reflect.DelegatingMethodAccessorImpl.invoke(Ljava/lang/Object;[Ljava/lang/Object;)Ljava/lang/Object;+6
j  java.lang.reflect.Method.invoke(Ljava/lang/Object;[Ljava/lang/Object;)Ljava/lang/Object;+56
j  org.springframework.boot.loader.MainMethodRunner.run()V+77
j  java.lang.Thread.run()V+11
v  ~StubRoutines::call_stub
V  [libjvm.so+0x695ae6]  JavaCalls::call_helper(JavaValue*, methodHandle*, JavaCallArguments*, Thread*)+0x1056
V  [libjvm.so+0x695ff1]  JavaCalls::call_virtual(JavaValue*, KlassHandle, Symbol*, Symbol*, JavaCallArguments*, Thread*)+0x321
V  [libjvm.so+0x696497]  JavaCalls::call_virtual(JavaValue*, Handle, KlassHandle, Symbol*, Symbol*, Thread*)+0x47
V  [libjvm.so+0x731cb0]  thread_entry(JavaThread*, Thread*)+0xa0
V  [libjvm.so+0xa7eaa3]  JavaThread::thread_main_inner()+0x103
V  [libjvm.so+0xa7ebec]  JavaThread::run()+0x11c
V  [libjvm.so+0x92da28]  java_start(Thread*)+0x108
C  [libpthread.so.0+0x8184]  start_thread+0xc4

Java frames: (J=compiled Java code, j=interpreted, Vv=VM code)
j  org.springframework.web.servlet.mvc.method.annotation.RequestMappingHandlerAdapter.<init>()V+41
j  org.springframework.web.servlet.config.annotation.WebMvcConfigurationSupport.requestMappingHandlerAdapter()Lorg/springframework/web/servlet/mvc/method/annotation/RequestMappingHandlerAdapter;+30
j  org.springframework.boot.autoconfigure.web.WebMvcAutoConfiguration$EnableWebMvcConfiguration.requestMappingHandlerAdapter()Lorg/springframework/web/servlet/mvc/method/annotation/RequestMappingHandlerAdapter;+1
j  org.springframework.boot.autoconfigure.web.WebMvcAutoConfiguration$EnableWebMvcConfiguration$$EnhancerBySpringCGLIB$$c363976b.CGLIB$requestMappingHandlerAdapter$1()Lorg/springframework/web/servlet/mvc/method/annotation/RequestMappingHandlerAdapter;+1
j  org.springframework.boot.autoconfigure.web.WebMvcAutoConfiguration$EnableWebMvcConfiguration$$EnhancerBySpringCGLIB$$c363976b$$FastClassBySpringCGLIB$$683d498c.invoke(ILjava/lang/Object;[Ljava/lang/Object;)Ljava/lang/Object;+344
j  org.springframework.cglib.proxy.MethodProxy.invokeSuper(Ljava/lang/Object;[Ljava/lang/Object;)Ljava/lang/Object;+19
j  org.springframework.context.annotation.ConfigurationClassEnhancer$BeanMethodInterceptor.intercept(Ljava/lang/Object;Ljava/lang/reflect/Method;[Ljava/lang/Object;Lorg/springframework/cglib/proxy/MethodProxy;)Ljava/lang/Object;+214
j  org.springframework.boot.autoconfigure.web.WebMvcAutoConfiguration$EnableWebMvcConfiguration$$EnhancerBySpringCGLIB$$c363976b.requestMappingHandlerAdapter()Lorg/springframework/web/servlet/mvc/method/annotation/RequestMappingHandlerAdapter;+31
v  ~StubRoutines::call_stub
J 1400  sun.reflect.NativeMethodAccessorImpl.invoke0(Ljava/lang/reflect/Method;Ljava/lang/Object;[Ljava/lang/Object;)Ljava/lang/Object; (0 bytes) @ 0x00007fefaccc5137 [0x00007fefaccc50c0+0x77]
J 1399 C1 sun.reflect.NativeMethodAccessorImpl.invoke(Ljava/lang/Object;[Ljava/lang/Object;)Ljava/lang/Object; (104 bytes) @ 0x00007fefaccc670c [0x00007fefaccc5580+0x118c]
J 1036 C1 sun.reflect.DelegatingMethodAccessorImpl.invoke(Ljava/lang/Object;[Ljava/lang/Object;)Ljava/lang/Object; (10 bytes) @ 0x00007fefacb92b04 [0x00007fefacb92a00+0x104]
J 1011 C1 java.lang.reflect.Method.invoke(Ljava/lang/Object;[Ljava/lang/Object;)Ljava/lang/Object; (62 bytes) @ 0x00007fefacb81a4c [0x00007fefacb81660+0x3ec]
j  org.springframework.beans.factory.support.SimpleInstantiationStrategy.instantiate(Lorg/springframework/beans/factory/support/RootBeanDefinition;Ljava/lang/String;Lorg/springframework/beans/factory/BeanFactory;Ljava/lang/Object;Ljava/lang/reflect/Method;[Ljava/lang/Object;)Ljava/lang/Object;+53
j  org.springframework.beans.factory.support.ConstructorResolver.instantiateUsingFactoryMethod(Ljava/lang/String;Lorg/springframework/beans/factory/support/RootBeanDefinition;[Ljava/lang/Object;)Lorg/springframework/beans/BeanWrapper;+1441
j  org.springframework.beans.factory.support.AbstractAutowireCapableBeanFactory.instantiateUsingFactoryMethod(Ljava/lang/String;Lorg/springframework/beans/factory/support/RootBeanDefinition;[Ljava/lang/Object;)Lorg/springframework/beans/BeanWrapper;+11
j  org.springframework.beans.factory.support.AbstractAutowireCapableBeanFactory.createBeanInstance(Ljava/lang/String;Lorg/springframework/beans/factory/support/RootBeanDefinition;[Ljava/lang/Object;)Lorg/springframework/beans/BeanWrapper;+82
j  org.springframework.beans.factory.support.AbstractAutowireCapableBeanFactory.doCreateBean(Ljava/lang/String;Lorg/springframework/beans/factory/support/RootBeanDefinition;[Ljava/lang/Object;)Ljava/lang/Object;+34
j  org.springframework.beans.factory.support.AbstractAutowireCapableBeanFactory.createBean(Ljava/lang/String;Lorg/springframework/beans/factory/support/RootBeanDefinition;[Ljava/lang/Object;)Ljava/lang/Object;+169
j  org.springframework.beans.factory.support.AbstractBeanFactory$1.getObject()Ljava/lang/Object;+16
j  org.springframework.beans.factory.support.DefaultSingletonBeanRegistry.getSingleton(Ljava/lang/String;Lorg/springframework/beans/factory/ObjectFactory;)Ljava/lang/Object;+132
J 2083 C1 org.springframework.beans.factory.support.AbstractBeanFactory.doGetBean(Ljava/lang/String;Ljava/lang/Class;[Ljava/lang/Object;Z)Ljava/lang/Object; (732 bytes) @ 0x00007fefaced4e1c [0x00007fefaced4840+0x5dc]
j  org.springframework.beans.factory.support.AbstractBeanFactory.getBean(Ljava/lang/String;)Ljava/lang/Object;+5
j  org.springframework.beans.factory.support.DefaultListableBeanFactory.preInstantiateSingletons()V+231
j  org.springframework.context.support.AbstractApplicationContext.finishBeanFactoryInitialization(Lorg/springframework/beans/factory/config/ConfigurableListableBeanFactory;)V+103
j  org.springframework.context.support.AbstractApplicationContext.refresh()V+54
j  org.springframework.boot.context.embedded.EmbeddedWebApplicationContext.refresh()V+1
j  org.springframework.boot.SpringApplication.refresh(Lorg/springframework/context/ApplicationContext;)V+10
j  org.springframework.boot.SpringApplication.doRun(Lorg/springframework/boot/SpringApplicationRunListeners;[Ljava/lang/String;)Lorg/springframework/context/ConfigurableApplicationContext;+184
j  org.springframework.boot.SpringApplication.run([Ljava/lang/String;)Lorg/springframework/context/ConfigurableApplicationContext;+34
j  org.springframework.boot.SpringApplication.run([Ljava/lang/Object;[Ljava/lang/String;)Lorg/springframework/context/ConfigurableApplicationContext;+9
j  org.springframework.boot.SpringApplication.run(Ljava/lang/Object;[Ljava/lang/String;)Lorg/springframework/context/ConfigurableApplicationContext;+9
j  demo.RunningLocationUpdaterApplication.main([Ljava/lang/String;)V+3
v  ~StubRoutines::call_stub
j  sun.reflect.NativeMethodAccessorImpl.invoke0(Ljava/lang/reflect/Method;Ljava/lang/Object;[Ljava/lang/Object;)Ljava/lang/Object;+0
j  sun.reflect.NativeMethodAccessorImpl.invoke(Ljava/lang/Object;[Ljava/lang/Object;)Ljava/lang/Object;+100
j  sun.reflect.DelegatingMethodAccessorImpl.invoke(Ljava/lang/Object;[Ljava/lang/Object;)Ljava/lang/Object;+6
j  java.lang.reflect.Method.invoke(Ljava/lang/Object;[Ljava/lang/Object;)Ljava/lang/Object;+56
j  org.springframework.boot.loader.MainMethodRunner.run()V+77
j  java.lang.Thread.run()V+11
v  ~StubRoutines::call_stub

---------------  P R O C E S S  ---------------

Java Threads: ( => current thread )
  0x00007fef76d42000 JavaThread "container-0" [_thread_blocked, id=10776, stack(0x00007fefa24cf000,0x00007fefa25d0000)]
  0x00007fef6c477800 JavaThread "ContainerBackgroundProcessor[StandardEngine[Tomcat].StandardHost[localhost].StandardContext[]]" daemon [_thread_blocked, id=10775, stack(0x00007fefa25d0000,0x00007fefa26d1000)]
  0x00007fefbc00a800 JavaThread "DestroyJavaVM" [_thread_blocked, id=10754, stack(0x00007fefc2717000,0x00007fefc2818000)]
=>0x00007fefbc1d9000 JavaThread "main" [_thread_in_vm, id=10765, stack(0x00007fefa3eff000,0x00007fefa4000000)]
  0x00007fefbc142000 JavaThread "Service Thread" daemon [_thread_blocked, id=10763, stack(0x00007fefa8455000,0x00007fefa8556000)]
  0x00007fefbc13f800 JavaThread "C1 CompilerThread1" daemon [_thread_blocked, id=10762, stack(0x00007fefa8556000,0x00007fefa8657000)]
  0x00007fefbc13c800 JavaThread "C2 CompilerThread0" daemon [_thread_in_native, id=10761, stack(0x00007fefa8657000,0x00007fefa8758000)]
  0x00007fefbc13b000 JavaThread "Signal Dispatcher" daemon [_thread_blocked, id=10760, stack(0x00007fefa8758000,0x00007fefa8859000)]
  0x00007fefbc107800 JavaThread "Finalizer" daemon [_thread_blocked, id=10759, stack(0x00007fefa89e2000,0x00007fefa8ae3000)]
  0x00007fefbc103000 JavaThread "Reference Handler" daemon [_thread_blocked, id=10758, stack(0x00007fefa8ae3000,0x00007fefa8be4000)]

Other Threads:
  0x00007fefbc0fb800 VMThread [stack: 0x00007fefa8be4000,0x00007fefa8ce5000] [id=10757]
  0x00007fefbc147000 WatcherThread [stack: 0x00007fefa8354000,0x00007fefa8455000] [id=10764]

VM state:not at safepoint (normal execution)

VM Mutex/Monitor currently owned by a thread:  ([mutex/lock_event])
[0x00007fefbc007200] MultiArray_lock - owner thread: 0x00007fefbc1d9000
[0x00007fefbc007400] Compile_lock - owner thread: 0x00007fefbc1d9000

Heap:
 PSYoungGen      total 328704K, used 323892K [0x00000000eb600000, 0x0000000100000000, 0x0000000100000000)
  eden space 320512K, 98% used [0x00000000eb600000,0x00000000feaa7d10,0x00000000fef00000)
  from space 8192K, 95% used [0x00000000ff800000,0x00000000fffa5540,0x0000000100000000)
  to   space 8704K, 0% used [0x00000000fef00000,0x00000000fef00000,0x00000000ff780000)
 ParOldGen       total 49664K, used 21811K [0x00000000c2200000, 0x00000000c5280000, 0x00000000eb600000)
  object space 49664K, 43% used [0x00000000c2200000,0x00000000c374ccc0,0x00000000c5280000)
 Metaspace       used 29925K, capacity 30166K, committed 30464K, reserved 1075200K
  class space    used 3778K, capacity 3820K, committed 3840K, reserved 1048576K

Card table byte_map: [0x00007fefac203000,0x00007fefac3f3000] byte_map_base: 0x00007fefabbf2000

Marking Bits: (ParMarkBitMap*) 0x00007fefc1bd8920
 Begin Bits: [0x00007fefa9fc7000, 0x00007fefaaf3f000)
 End Bits:   [0x00007fefaaf3f000, 0x00007fefabeb7000)

Polling page: 0x00007fefc2828000

CodeCache: size=245760Kb used=9606Kb max_used=9815Kb free=236153Kb
 bounds [0x00007fefac7b3000, 0x00007fefad163000, 0x00007fefbb7b3000]
 total_blobs=3375 nmethods=2980 adapters=308
 compilation: enabled

Compilation events (10 events):
Event: 104.289 Thread 0x00007fefbc13f800 3498       3       org.springframework.asm.Label::resolve (214 bytes)
Event: 104.293 Thread 0x00007fefbc13f800 nmethod 3498 0x00007fefacd2a2d0 code [0x00007fefacd2a460, 0x00007fefacd2a930]
Event: 104.304 Thread 0x00007fefbc13f800 3501 %     3       org.springframework.asm.ClassWriter::get @ 16 (49 bytes)
Event: 104.312 Thread 0x00007fefbc13f800 nmethod 3501% 0x00007fefacee7090 code [0x00007fefacee7220, 0x00007fefacee7608]
Event: 104.468 Thread 0x00007fefbc13f800 3502       3       org.springframework.cglib.core.MethodWrapper$MethodWrapperKey$$KeyFactoryByCGLIB$$552be97a::equals (183 bytes)
Event: 104.681 Thread 0x00007fefbc13f800 nmethod 3502 0x00007fefacce8fd0 code [0x00007fefacce91e0, 0x00007fefacce9e08]
Event: 104.689 Thread 0x00007fefbc13f800 3504       3       org.springframework.asm.ClassWriter::get (49 bytes)
Event: 104.706 Thread 0x00007fefbc13c800 nmethod 3492 0x00007fefaca4d310 code [0x00007fefaca4d520, 0x00007fefaca4dfc0]
Event: 104.706 Thread 0x00007fefbc13c800 3497       4       java.util.HashMap$HashIterator::<init> (79 bytes)
Event: 104.760 Thread 0x00007fefbc13f800 nmethod 3504 0x00007fefacb9ed10 code [0x00007fefacb9eea0, 0x00007fefacb9f228]

GC Heap History (10 events):
Event: 6.132 GC heap before
{Heap before GC invocations=7 (full 0):
 PSYoungGen      total 135168K, used 132924K [0x00000000eb600000, 0x00000000f4200000, 0x0000000100000000)
  eden space 126976K, 100% used [0x00000000eb600000,0x00000000f3200000,0x00000000f3200000)
  from space 8192K, 72% used [0x00000000f3a00000,0x00000000f3fcf000,0x00000000f4200000)
  to   space 8192K, 0% used [0x00000000f3200000,0x00000000f3200000,0x00000000f3a00000)
 ParOldGen       total 42496K, used 13331K [0x00000000c2200000, 0x00000000c4b80000, 0x00000000eb600000)
  object space 42496K, 31% used [0x00000000c2200000,0x00000000c2f04d80,0x00000000c4b80000)
 Metaspace       used 18423K, capacity 18660K, committed 18816K, reserved 1064960K
  class space    used 2260K, capacity 2329K, committed 2432K, reserved 1048576K
Event: 6.166 GC heap after
Heap after GC invocations=7 (full 0):
 PSYoungGen      total 135168K, used 6462K [0x00000000eb600000, 0x00000000fbf00000, 0x0000000100000000)
  eden space 126976K, 0% used [0x00000000eb600000,0x00000000eb600000,0x00000000f3200000)
  from space 8192K, 78% used [0x00000000f3200000,0x00000000f384f998,0x00000000f3a00000)
  to   space 8704K, 0% used [0x00000000fb680000,0x00000000fb680000,0x00000000fbf00000)
 ParOldGen       total 42496K, used 15451K [0x00000000c2200000, 0x00000000c4b80000, 0x00000000eb600000)
  object space 42496K, 36% used [0x00000000c2200000,0x00000000c3116ea0,0x00000000c4b80000)
 Metaspace       used 18423K, capacity 18660K, committed 18816K, reserved 1064960K
  class space    used 2260K, capacity 2329K, committed 2432K, reserved 1048576K
}
Event: 6.748 GC heap before
{Heap before GC invocations=8 (full 0):
 PSYoungGen      total 135168K, used 133438K [0x00000000eb600000, 0x00000000fbf00000, 0x0000000100000000)
  eden space 126976K, 100% used [0x00000000eb600000,0x00000000f3200000,0x00000000f3200000)
  from space 8192K, 78% used [0x00000000f3200000,0x00000000f384f998,0x00000000f3a00000)
  to   space 8704K, 0% used [0x00000000fb680000,0x00000000fb680000,0x00000000fbf00000)
 ParOldGen       total 42496K, used 15451K [0x00000000c2200000, 0x00000000c4b80000, 0x00000000eb600000)
  object space 42496K, 36% used [0x00000000c2200000,0x00000000c3116ea0,0x00000000c4b80000)
 Metaspace       used 18799K, capacity 19036K, committed 19328K, reserved 1067008K
  class space    used 2307K, capacity 2365K, committed 2432K, reserved 1048576K
Event: 6.812 GC heap after
Heap after GC invocations=8 (full 0):
 PSYoungGen      total 261632K, used 6122K [0x00000000eb600000, 0x00000000fbe00000, 0x0000000100000000)
  eden space 253952K, 0% used [0x00000000eb600000,0x00000000eb600000,0x00000000fae00000)
  from space 7680K, 79% used [0x00000000fb680000,0x00000000fbc7ab18,0x00000000fbe00000)
  to   space 8192K, 0% used [0x00000000fae00000,0x00000000fae00000,0x00000000fb600000)
 ParOldGen       total 42496K, used 15683K [0x00000000c2200000, 0x00000000c4b80000, 0x00000000eb600000)
  object space 42496K, 36% used [0x00000000c2200000,0x00000000c3150ea0,0x00000000c4b80000)
 Metaspace       used 18799K, capacity 19036K, committed 19328K, reserved 1067008K
  class space    used 2307K, capacity 2365K, committed 2432K, reserved 1048576K
}
Event: 7.804 GC heap before
{Heap before GC invocations=9 (full 0):
 PSYoungGen      total 261632K, used 89388K [0x00000000eb600000, 0x00000000fbe00000, 0x0000000100000000)
  eden space 253952K, 32% used [0x00000000eb600000,0x00000000f0750540,0x00000000fae00000)
  from space 7680K, 79% used [0x00000000fb680000,0x00000000fbc7ab18,0x00000000fbe00000)
  to   space 8192K, 0% used [0x00000000fae00000,0x00000000fae00000,0x00000000fb600000)
 ParOldGen       total 42496K, used 15683K [0x00000000c2200000, 0x00000000c4b80000, 0x00000000eb600000)
  object space 42496K, 36% used [0x00000000c2200000,0x00000000c3150ea0,0x00000000c4b80000)
 Metaspace       used 20849K, capacity 21044K, committed 21248K, reserved 1067008K
  class space    used 2614K, capacity 2689K, committed 2816K, reserved 1048576K
Event: 7.825 GC heap after
Heap after GC invocations=9 (full 0):
 PSYoungGen      total 262144K, used 5547K [0x00000000eb600000, 0x0000000100000000, 0x0000000100000000)
  eden space 253952K, 0% used [0x00000000eb600000,0x00000000eb600000,0x00000000fae00000)
  from space 8192K, 67% used [0x00000000fae00000,0x00000000fb36acd8,0x00000000fb600000)
  to   space 8192K, 0% used [0x00000000ff800000,0x00000000ff800000,0x0000000100000000)
 ParOldGen       total 42496K, used 17482K [0x00000000c2200000, 0x00000000c4b80000, 0x00000000eb600000)
  object space 42496K, 41% used [0x00000000c2200000,0x00000000c3312bb0,0x00000000c4b80000)
 Metaspace       used 20849K, capacity 21044K, committed 21248K, reserved 1067008K
  class space    used 2614K, capacity 2689K, committed 2816K, reserved 1048576K
}
Event: 7.826 GC heap before
{Heap before GC invocations=10 (full 1):
 PSYoungGen      total 262144K, used 5547K [0x00000000eb600000, 0x0000000100000000, 0x0000000100000000)
  eden space 253952K, 0% used [0x00000000eb600000,0x00000000eb600000,0x00000000fae00000)
  from space 8192K, 67% used [0x00000000fae00000,0x00000000fb36acd8,0x00000000fb600000)
  to   space 8192K, 0% used [0x00000000ff800000,0x00000000ff800000,0x0000000100000000)
 ParOldGen       total 42496K, used 17482K [0x00000000c2200000, 0x00000000c4b80000, 0x00000000eb600000)
  object space 42496K, 41% used [0x00000000c2200000,0x00000000c3312bb0,0x00000000c4b80000)
 Metaspace       used 20849K, capacity 21044K, committed 21248K, reserved 1067008K
  class space    used 2614K, capacity 2689K, committed 2816K, reserved 1048576K
Event: 8.007 GC heap after
Heap after GC invocations=10 (full 1):
 PSYoungGen      total 262144K, used 0K [0x00000000eb600000, 0x0000000100000000, 0x0000000100000000)
  eden space 253952K, 0% used [0x00000000eb600000,0x00000000eb600000,0x00000000fae00000)
  from space 8192K, 0% used [0x00000000fae00000,0x00000000fae00000,0x00000000fb600000)
  to   space 8192K, 0% used [0x00000000ff800000,0x00000000ff800000,0x0000000100000000)
 ParOldGen       total 49664K, used 21811K [0x00000000c2200000, 0x00000000c5280000, 0x00000000eb600000)
  object space 49664K, 43% used [0x00000000c2200000,0x00000000c374ccc0,0x00000000c5280000)
 Metaspace       used 20849K, capacity 21044K, committed 21248K, reserved 1067008K
  class space    used 2614K, capacity 2689K, committed 2816K, reserved 1048576K
}
Event: 12.932 GC heap before
{Heap before GC invocations=11 (full 1):
 PSYoungGen      total 262144K, used 253952K [0x00000000eb600000, 0x0000000100000000, 0x0000000100000000)
  eden space 253952K, 100% used [0x00000000eb600000,0x00000000fae00000,0x00000000fae00000)
  from space 8192K, 0% used [0x00000000fae00000,0x00000000fae00000,0x00000000fb600000)
  to   space 8192K, 0% used [0x00000000ff800000,0x00000000ff800000,0x0000000100000000)
 ParOldGen       total 49664K, used 21811K [0x00000000c2200000, 0x00000000c5280000, 0x00000000eb600000)
  object space 49664K, 43% used [0x00000000c2200000,0x00000000c374ccc0,0x00000000c5280000)
 Metaspace       used 26702K, capacity 26994K, committed 27264K, reserved 1073152K
  class space    used 3334K, capacity 3430K, committed 3456K, reserved 1048576K
Event: 12.959 GC heap after
Heap after GC invocations=11 (full 1):
 PSYoungGen      total 328704K, used 7829K [0x00000000eb600000, 0x0000000100000000, 0x0000000100000000)
  eden space 320512K, 0% used [0x00000000eb600000,0x00000000eb600000,0x00000000fef00000)
  from space 8192K, 95% used [0x00000000ff800000,0x00000000fffa5540,0x0000000100000000)
  to   space 8704K, 0% used [0x00000000fef00000,0x00000000fef00000,0x00000000ff780000)
 ParOldGen       total 49664K, used 21811K [0x00000000c2200000, 0x00000000c5280000, 0x00000000eb600000)
  object space 49664K, 43% used [0x00000000c2200000,0x00000000c374ccc0,0x00000000c5280000)
 Metaspace       used 26702K, capacity 26994K, committed 27264K, reserved 1073152K
  class space    used 3334K, capacity 3430K, committed 3456K, reserved 1048576K
}

Deoptimization events (10 events):
Event: 44.536 Thread 0x00007fefbc1d9000 Uncommon trap: reason=unstable_if action=reinterpret pc=0x00007fefacb41d30 method=org.springframework.boot.bind.DefaultPropertyNamePatternsMatcher.matches(Ljava/lang/String;)Z @ 112
Event: 50.745 Thread 0x00007fefbc1d9000 Uncommon trap: reason=class_check action=maybe_recompile pc=0x00007fefac9675cc method=java.util.concurrent.ConcurrentHashMap.putVal(Ljava/lang/Object;Ljava/lang/Object;Z)Ljava/lang/Object; @ 192
Event: 51.657 Thread 0x00007fefbc1d9000 Uncommon trap: reason=class_check action=maybe_recompile pc=0x00007fefac9675cc method=java.util.concurrent.ConcurrentHashMap.putVal(Ljava/lang/Object;Ljava/lang/Object;Z)Ljava/lang/Object; @ 192
Event: 52.454 Thread 0x00007fefbc1d9000 Uncommon trap: reason=unstable_if action=reinterpret pc=0x00007fefaca930bc method=java.util.concurrent.ConcurrentHashMap.get(Ljava/lang/Object;)Ljava/lang/Object; @ 76
Event: 58.462 Thread 0x00007fefbc1d9000 Uncommon trap: reason=unstable_if action=reinterpret pc=0x00007fefacfdfcec method=java.lang.ClassLoader.loadClass(Ljava/lang/String;Z)Ljava/lang/Class; @ 17
Event: 58.471 Thread 0x00007fefbc1d9000 Uncommon trap: reason=class_check action=maybe_recompile pc=0x00007fefacdaf780 method=java.net.URL.getURLStreamHandler(Ljava/lang/String;)Ljava/net/URLStreamHandler; @ 214
Event: 59.755 Thread 0x00007fefbc1d9000 Uncommon trap: reason=unstable_if action=reinterpret pc=0x00007fefaceae720 method=java.util.regex.Pattern$CharProperty$1.isSatisfiedBy(I)Z @ 8
Event: 59.771 Thread 0x00007fefbc1d9000 Uncommon trap: reason=unstable_if action=reinterpret pc=0x00007fefacea5d20 method=java.util.regex.Pattern$CharProperty$1.isSatisfiedBy(I)Z @ 8
Event: 61.223 Thread 0x00007fefbc1d9000 Uncommon trap: reason=unstable_if action=reinterpret pc=0x00007fefac98f5b4 method=org.springframework.util.ConcurrentReferenceHashMap$Segment.clear()V @ 4
Event: 67.897 Thread 0x00007fefbc1d9000 Uncommon trap: reason=class_check action=maybe_recompile pc=0x00007fefac9675cc method=java.util.concurrent.ConcurrentHashMap.putVal(Ljava/lang/Object;Ljava/lang/Object;Z)Ljava/lang/Object; @ 192

Classes redefined (0 events):
No events

Internal exceptions (10 events):
Event: 100.328 Thread 0x00007fefbc1d9000 Exception <a 'java/lang/ClassNotFoundException': org/springframework/web/context/support/WebApplicationObjectSupportCustomizer> (0x00000000fd8e7b18) thrown at [/HUDSON/workspace/8-2-build-linux-amd64/jdk8u161/10277/hotspot/src/share/vm/classfile/systemDic
Event: 100.344 Thread 0x00007fefbc1d9000 Exception <a 'java/lang/ClassNotFoundException': org/springframework/web/servlet/view/BeanNameViewResolverCustomizer> (0x00000000fd9bdc48) thrown at [/HUDSON/workspace/8-2-build-linux-amd64/jdk8u161/10277/hotspot/src/share/vm/classfile/systemDictionary.cp
Event: 101.072 Thread 0x00007fefbc1d9000 Exception <a 'java/lang/ClassNotFoundException': java/lang/ObjectCustomizer> (0x00000000fdb0cf60) thrown at [/HUDSON/workspace/8-2-build-linux-amd64/jdk8u161/10277/hotspot/src/share/vm/classfile/systemDictionary.cpp, line 210]
Event: 101.101 Thread 0x00007fefbc1d9000 Exception <a 'java/lang/ClassNotFoundException': org/springframework/boot/autoconfigure/web/AbstractErrorControllerCustomizer> (0x00000000fdbec5b8) thrown at [/HUDSON/workspace/8-2-build-linux-amd64/jdk8u161/10277/hotspot/src/share/vm/classfile/systemDict
Event: 103.325 Thread 0x00007fefbc1d9000 Exception <a 'java/lang/ClassNotFoundException': org/springframework/boot/autoconfigure/web/BasicErrorControllerCustomizer> (0x00000000fdcc6370) thrown at [/HUDSON/workspace/8-2-build-linux-amd64/jdk8u161/10277/hotspot/src/share/vm/classfile/systemDiction
Event: 104.150 Thread 0x00007fefbc1d9000 Exception <a 'java/lang/ClassNotFoundException': java/lang/ObjectCustomizer> (0x00000000fdd99358) thrown at [/HUDSON/workspace/8-2-build-linux-amd64/jdk8u161/10277/hotspot/src/share/vm/classfile/systemDictionary.cpp, line 210]
Event: 104.159 Thread 0x00007fefbc1d9000 Exception <a 'java/lang/ClassNotFoundException': org/springframework/web/servlet/config/annotation/WebMvcConfigurationSupportCustomizer> (0x00000000fde81b28) thrown at [/HUDSON/workspace/8-2-build-linux-amd64/jdk8u161/10277/hotspot/src/share/vm/classfile/
Event: 104.165 Thread 0x00007fefbc1d9000 Exception <a 'java/lang/ClassNotFoundException': org/springframework/web/servlet/config/annotation/DelegatingWebMvcConfigurationCustomizer> (0x00000000fdf7afc8) thrown at [/HUDSON/workspace/8-2-build-linux-amd64/jdk8u161/10277/hotspot/src/share/vm/classfi
Event: 104.173 Thread 0x00007fefbc1d9000 Exception <a 'java/lang/ClassNotFoundException': org/springframework/boot/autoconfigure/web/WebMvcAutoConfiguration$EnableWebMvcConfigurationCustomizer> (0x00000000fe0779a0) thrown at [/HUDSON/workspace/8-2-build-linux-amd64/jdk8u161/10277/hotspot/src/sha
Event: 104.179 Thread 0x00007fefbc1d9000 Exception <a 'java/lang/ClassNotFoundException': org/springframework/boot/autoconfigure/web/WebMvcAutoConfiguration$EnableWebMvcConfiguration$$EnhancerBySpringCGLIB$$c363976bCustomizer> (0x00000000fe193dc0) thrown at [/HUDSON/workspace/8-2-build-linux-amd

Events (10 events):
Event: 105.072 loading class org/springframework/web/HttpMediaTypeNotAcceptableException
Event: 105.085 loading class org/springframework/web/HttpMediaTypeNotAcceptableException done
Event: 105.110 loading class org/springframework/web/HttpMediaTypeException
Event: 105.110 loading class org/springframework/web/HttpMediaTypeException done
Event: 105.151 loading class org/springframework/core/task/SimpleAsyncTaskExecutor
Event: 105.151 loading class org/springframework/core/task/SimpleAsyncTaskExecutor done
Event: 105.169 loading class org/springframework/core/task/SimpleAsyncTaskExecutor$ConcurrencyThrottleAdapter
Event: 105.172 loading class org/springframework/core/task/SimpleAsyncTaskExecutor$ConcurrencyThrottleAdapter done
Event: 105.174 loading class org/springframework/util/ConcurrencyThrottleSupport
Event: 105.174 loading class org/springframework/util/ConcurrencyThrottleSupport done


Dynamic libraries:
00400000-00401000 r-xp 00000000 08:01 407697                             /usr/lib/jvm/java-8-oracle/jre/bin/java
00600000-00601000 rw-p 00000000 08:01 407697                             /usr/lib/jvm/java-8-oracle/jre/bin/java
0088f000-008b0000 rw-p 00000000 00:00 0                                  [heap]
c2200000-c5280000 rw-p 00000000 00:00 0 
c5280000-eb600000 ---p 00000000 00:00 0 
eb600000-100000000 rw-p 00000000 00:00 0 
100000000-1003c0000 rw-p 00000000 00:00 0 
1003e0000-140000000 ---p 00000000 00:00 0 
7fef6c000000-7fef6c4e9000 rw-p 00000000 00:00 0 
7fef6c4e9000-7fef70000000 ---p 00000000 00:00 0 
7fef70000000-7fef70021000 rw-p 00000000 00:00 0 
7fef70021000-7fef74000000 ---p 00000000 00:00 0 
7fef74000000-7fef77c44000 rw-p 00000000 00:00 0 
7fef77c44000-7fef78000000 ---p 00000000 00:00 0 
7fef78000000-7fef7978e000 rw-p 00000000 00:00 0 
7fef7978e000-7fef7c000000 ---p 00000000 00:00 0 
7fef7c000000-7fef7c021000 rw-p 00000000 00:00 0 
7fef7c021000-7fef80000000 ---p 00000000 00:00 0 
7fef80000000-7fef80021000 rw-p 00000000 00:00 0 
7fef80021000-7fef84000000 ---p 00000000 00:00 0 
7fef84000000-7fef858b2000 rw-p 00000000 00:00 0 
7fef858b2000-7fef88000000 ---p 00000000 00:00 0 
7fef88000000-7fef88a69000 rw-p 00000000 00:00 0 
7fef88a69000-7fef8c000000 ---p 00000000 00:00 0 
7fef8c000000-7fef8c021000 rw-p 00000000 00:00 0 
7fef8c021000-7fef90000000 ---p 00000000 00:00 0 
7fef90000000-7fef90021000 rw-p 00000000 00:00 0 
7fef90021000-7fef94000000 ---p 00000000 00:00 0 
7fef94000000-7fef94021000 rw-p 00000000 00:00 0 
7fef94021000-7fef98000000 ---p 00000000 00:00 0 
7fef98000000-7fef98021000 rw-p 00000000 00:00 0 
7fef98021000-7fef9c000000 ---p 00000000 00:00 0 
7fef9c000000-7fef9c021000 rw-p 00000000 00:00 0 
7fef9c021000-7fefa0000000 ---p 00000000 00:00 0 
7fefa1dd8000-7fefa1fc7000 rw-p 00000000 00:00 0 
7fefa22cf000-7fefa24cf000 rw-p 00000000 00:00 0 
7fefa24cf000-7fefa24d2000 ---p 00000000 00:00 0 
7fefa24d2000-7fefa25d0000 rw-p 00000000 00:00 0                          [stack:10776]
7fefa25d0000-7fefa25d3000 ---p 00000000 00:00 0 
7fefa25d3000-7fefa26d1000 rw-p 00000000 00:00 0                          [stack:10775]
7fefa26d1000-7fefa26d4000 ---p 00000000 00:00 0 
7fefa26d4000-7fefa29d2000 rw-p 00000000 00:00 0 
7fefa29d2000-7fefa2bd2000 rw-p 00000000 00:00 0 
7fefa2bd2000-7fefa2dd2000 rw-p 00000000 00:00 0 
7fefa2dd2000-7fefa2fd2000 rw-p 00000000 00:00 0 
7fefa2fd2000-7fefa2fe3000 r-xp 00000000 08:01 407841                     /usr/lib/jvm/java-8-oracle/jre/lib/amd64/libnio.so
7fefa2fe3000-7fefa31e2000 ---p 00011000 08:01 407841                     /usr/lib/jvm/java-8-oracle/jre/lib/amd64/libnio.so
7fefa31e2000-7fefa31e3000 rw-p 00010000 08:01 407841                     /usr/lib/jvm/java-8-oracle/jre/lib/amd64/libnio.so
7fefa31e3000-7fefa33e3000 rw-p 00000000 00:00 0 
7fefa33e3000-7fefa35e3000 rw-p 00000000 00:00 0 
7fefa35e3000-7fefa35e6000 r-xp 00000000 08:01 59209                      /lib/x86_64-linux-gnu/libnss_myhostname.so.2
7fefa35e6000-7fefa37e5000 ---p 00003000 08:01 59209                      /lib/x86_64-linux-gnu/libnss_myhostname.so.2
7fefa37e5000-7fefa37e6000 r--p 00002000 08:01 59209                      /lib/x86_64-linux-gnu/libnss_myhostname.so.2
7fefa37e6000-7fefa37e7000 rw-p 00003000 08:01 59209                      /lib/x86_64-linux-gnu/libnss_myhostname.so.2
7fefa37e7000-7fefa37fd000 r-xp 00000000 08:01 407874                     /usr/lib/jvm/java-8-oracle/jre/lib/amd64/libnet.so
7fefa37fd000-7fefa39fd000 ---p 00016000 08:01 407874                     /usr/lib/jvm/java-8-oracle/jre/lib/amd64/libnet.so
7fefa39fd000-7fefa39fe000 rw-p 00016000 08:01 407874                     /usr/lib/jvm/java-8-oracle/jre/lib/amd64/libnet.so
7fefa39fe000-7fefa3bfe000 rw-p 00000000 00:00 0 
7fefa3bfe000-7fefa3dfe000 rw-p 00000000 00:00 0 
7fefa3dfe000-7fefa3e01000 ---p 00000000 00:00 0 
7fefa3e01000-7fefa3eff000 rw-p 00000000 00:00 0 
7fefa3eff000-7fefa3f02000 ---p 00000000 00:00 0 
7fefa3f02000-7fefa4000000 rw-p 00000000 00:00 0                          [stack:10765]
7fefa4000000-7fefa4024000 rw-p 00000000 00:00 0 
7fefa4024000-7fefa8000000 ---p 00000000 00:00 0 
7fefa80b5000-7fefa80be000 r-xp 00000000 08:01 407823                     /usr/lib/jvm/java-8-oracle/jre/lib/amd64/libmanagement.so
7fefa80be000-7fefa82bd000 ---p 00009000 08:01 407823                     /usr/lib/jvm/java-8-oracle/jre/lib/amd64/libmanagement.so
7fefa82bd000-7fefa82be000 rw-p 00008000 08:01 407823                     /usr/lib/jvm/java-8-oracle/jre/lib/amd64/libmanagement.so
7fefa82be000-7fefa8354000 r--s 0110a000 08:01 408021                     /usr/lib/jvm/java-8-oracle/jre/lib/ext/jfxrt.jar
7fefa8354000-7fefa8355000 ---p 00000000 00:00 0 
7fefa8355000-7fefa8455000 rw-p 00000000 00:00 0                          [stack:10764]
7fefa8455000-7fefa8458000 ---p 00000000 00:00 0 
7fefa8458000-7fefa8556000 rw-p 00000000 00:00 0                          [stack:10763]
7fefa8556000-7fefa8559000 ---p 00000000 00:00 0 
7fefa8559000-7fefa8657000 rw-p 00000000 00:00 0                          [stack:10762]
7fefa8657000-7fefa865a000 ---p 00000000 00:00 0 
7fefa865a000-7fefa8758000 rw-p 00000000 00:00 0                          [stack:10761]
7fefa8758000-7fefa875b000 ---p 00000000 00:00 0 
7fefa875b000-7fefa8859000 rw-p 00000000 00:00 0                          [stack:10760]
7fefa8859000-7fefa89e2000 r--p 00000000 08:01 55529                      /usr/lib/locale/locale-archive
7fefa89e2000-7fefa89e5000 ---p 00000000 00:00 0 
7fefa89e5000-7fefa8ae3000 rw-p 00000000 00:00 0                          [stack:10759]
7fefa8ae3000-7fefa8ae6000 ---p 00000000 00:00 0 
7fefa8ae6000-7fefa8be4000 rw-p 00000000 00:00 0                          [stack:10758]
7fefa8be4000-7fefa8be5000 ---p 00000000 00:00 0 
7fefa8be5000-7fefa95ee000 rw-p 00000000 00:00 0                          [stack:10757]
7fefa95ee000-7fefa97c7000 r--s 03d64000 08:01 408012                     /usr/lib/jvm/java-8-oracle/jre/lib/rt.jar
7fefa97c7000-7fefabeb7000 rw-p 00000000 00:00 0 
7fefabeb7000-7fefabeb8000 ---p 00000000 00:00 0 
7fefabeb8000-7fefabfb8000 rw-p 00000000 00:00 0                          [stack:10756]
7fefabfb8000-7fefabfb9000 ---p 00000000 00:00 0 
7fefabfb9000-7fefac0d2000 rw-p 00000000 00:00 0                          [stack:10755]
7fefac0d2000-7fefac203000 ---p 00000000 00:00 0 
7fefac203000-7fefac21c000 rw-p 00000000 00:00 0 
7fefac21c000-7fefac34d000 ---p 00000000 00:00 0 
7fefac34d000-7fefac3f2000 rw-p 00000000 00:00 0 
7fefac3f2000-7fefac41a000 rw-p 00000000 00:00 0 
7fefac41a000-7fefac7b3000 ---p 00000000 00:00 0 
7fefac7b3000-7fefad163000 rwxp 00000000 00:00 0 
7fefad163000-7fefbb7b3000 ---p 00000000 00:00 0 
7fefbb7b3000-7fefbb7ce000 r-xp 00000000 08:01 407863                     /usr/lib/jvm/java-8-oracle/jre/lib/amd64/libzip.so
7fefbb7ce000-7fefbb9ce000 ---p 0001b000 08:01 407863                     /usr/lib/jvm/java-8-oracle/jre/lib/amd64/libzip.so
7fefbb9ce000-7fefbb9cf000 rw-p 0001b000 08:01 407863                     /usr/lib/jvm/java-8-oracle/jre/lib/amd64/libzip.so
7fefbb9cf000-7fefbb9d9000 r-xp 00000000 08:01 3006                       /lib/x86_64-linux-gnu/libnss_files-2.19.so
7fefbb9d9000-7fefbbbd8000 ---p 0000a000 08:01 3006                       /lib/x86_64-linux-gnu/libnss_files-2.19.so
7fefbbbd8000-7fefbbbd9000 r--p 00009000 08:01 3006                       /lib/x86_64-linux-gnu/libnss_files-2.19.so
7fefbbbd9000-7fefbbbda000 rw-p 0000a000 08:01 3006                       /lib/x86_64-linux-gnu/libnss_files-2.19.so
7fefbbbda000-7fefbbbe5000 r-xp 00000000 08:01 3161                       /lib/x86_64-linux-gnu/libnss_nis-2.19.so
7fefbbbe5000-7fefbbde4000 ---p 0000b000 08:01 3161                       /lib/x86_64-linux-gnu/libnss_nis-2.19.so
7fefbbde4000-7fefbbde5000 r--p 0000a000 08:01 3161                       /lib/x86_64-linux-gnu/libnss_nis-2.19.so
7fefbbde5000-7fefbbde6000 rw-p 0000b000 08:01 3161                       /lib/x86_64-linux-gnu/libnss_nis-2.19.so
7fefbbde6000-7fefbbdfd000 r-xp 00000000 08:01 3159                       /lib/x86_64-linux-gnu/libnsl-2.19.so
7fefbbdfd000-7fefbbffc000 ---p 00017000 08:01 3159                       /lib/x86_64-linux-gnu/libnsl-2.19.so
7fefbbffc000-7fefbbffd000 r--p 00016000 08:01 3159                       /lib/x86_64-linux-gnu/libnsl-2.19.so
7fefbbffd000-7fefbbffe000 rw-p 00017000 08:01 3159                       /lib/x86_64-linux-gnu/libnsl-2.19.so
7fefbbffe000-7fefbc000000 rw-p 00000000 00:00 0 
7fefbc000000-7fefbc44c000 rw-p 00000000 00:00 0 
7fefbc44c000-7fefc0000000 ---p 00000000 00:00 0 
7fefc004a000-7fefc004f000 r--s 0009d000 08:01 407716                     /usr/lib/jvm/java-8-oracle/jre/lib/jsse.jar
7fefc004f000-7fefc0062000 r--s 00345000 08:01 407982                     /usr/lib/jvm/java-8-oracle/jre/lib/resources.jar
7fefc0062000-7fefc0067000 r--s 002f9000 08:01 408048                     /usr/lib/jvm/java-8-oracle/jre/lib/charsets.jar
7fefc0067000-7fefc00b6000 rw-p 00000000 00:00 0 
7fefc00b6000-7fefc00bf000 r-xp 00000000 08:01 3000                       /lib/x86_64-linux-gnu/libnss_compat-2.19.so
7fefc00bf000-7fefc02be000 ---p 00009000 08:01 3000                       /lib/x86_64-linux-gnu/libnss_compat-2.19.so
7fefc02be000-7fefc02bf000 r--p 00008000 08:01 3000                       /lib/x86_64-linux-gnu/libnss_compat-2.19.so
7fefc02bf000-7fefc02c0000 rw-p 00009000 08:01 3000                       /lib/x86_64-linux-gnu/libnss_compat-2.19.so
7fefc02c0000-7fefc02eb000 r-xp 00000000 08:01 407814                     /usr/lib/jvm/java-8-oracle/jre/lib/amd64/libjava.so
7fefc02eb000-7fefc04ea000 ---p 0002b000 08:01 407814                     /usr/lib/jvm/java-8-oracle/jre/lib/amd64/libjava.so
7fefc04ea000-7fefc04ec000 rw-p 0002a000 08:01 407814                     /usr/lib/jvm/java-8-oracle/jre/lib/amd64/libjava.so
7fefc04ec000-7fefc04f9000 r-xp 00000000 08:01 407853                     /usr/lib/jvm/java-8-oracle/jre/lib/amd64/libverify.so
7fefc04f9000-7fefc06f9000 ---p 0000d000 08:01 407853                     /usr/lib/jvm/java-8-oracle/jre/lib/amd64/libverify.so
7fefc06f9000-7fefc06fb000 rw-p 0000d000 08:01 407853                     /usr/lib/jvm/java-8-oracle/jre/lib/amd64/libverify.so
7fefc06fb000-7fefc0702000 r-xp 00000000 08:01 3115                       /lib/x86_64-linux-gnu/librt-2.19.so
7fefc0702000-7fefc0901000 ---p 00007000 08:01 3115                       /lib/x86_64-linux-gnu/librt-2.19.so
7fefc0901000-7fefc0902000 r--p 00006000 08:01 3115                       /lib/x86_64-linux-gnu/librt-2.19.so
7fefc0902000-7fefc0903000 rw-p 00007000 08:01 3115                       /lib/x86_64-linux-gnu/librt-2.19.so
7fefc0903000-7fefc0a08000 r-xp 00000000 08:01 3004                       /lib/x86_64-linux-gnu/libm-2.19.so
7fefc0a08000-7fefc0c07000 ---p 00105000 08:01 3004                       /lib/x86_64-linux-gnu/libm-2.19.so
7fefc0c07000-7fefc0c08000 r--p 00104000 08:01 3004                       /lib/x86_64-linux-gnu/libm-2.19.so
7fefc0c08000-7fefc0c09000 rw-p 00105000 08:01 3004                       /lib/x86_64-linux-gnu/libm-2.19.so
7fefc0c09000-7fefc18e2000 r-xp 00000000 08:01 407852                     /usr/lib/jvm/java-8-oracle/jre/lib/amd64/server/libjvm.so
7fefc18e2000-7fefc1ae1000 ---p 00cd9000 08:01 407852                     /usr/lib/jvm/java-8-oracle/jre/lib/amd64/server/libjvm.so
7fefc1ae1000-7fefc1bba000 rw-p 00cd8000 08:01 407852                     /usr/lib/jvm/java-8-oracle/jre/lib/amd64/server/libjvm.so
7fefc1bba000-7fefc1c06000 rw-p 00000000 00:00 0 
7fefc1c06000-7fefc1dc4000 r-xp 00000000 08:01 3032                       /lib/x86_64-linux-gnu/libc-2.19.so
7fefc1dc4000-7fefc1fc4000 ---p 001be000 08:01 3032                       /lib/x86_64-linux-gnu/libc-2.19.so
7fefc1fc4000-7fefc1fc8000 r--p 001be000 08:01 3032                       /lib/x86_64-linux-gnu/libc-2.19.so
7fefc1fc8000-7fefc1fca000 rw-p 001c2000 08:01 3032                       /lib/x86_64-linux-gnu/libc-2.19.so
7fefc1fca000-7fefc1fcf000 rw-p 00000000 00:00 0 
7fefc1fcf000-7fefc1fd2000 r-xp 00000000 08:01 2998                       /lib/x86_64-linux-gnu/libdl-2.19.so
7fefc1fd2000-7fefc21d1000 ---p 00003000 08:01 2998                       /lib/x86_64-linux-gnu/libdl-2.19.so
7fefc21d1000-7fefc21d2000 r--p 00002000 08:01 2998                       /lib/x86_64-linux-gnu/libdl-2.19.so
7fefc21d2000-7fefc21d3000 rw-p 00003000 08:01 2998                       /lib/x86_64-linux-gnu/libdl-2.19.so
7fefc21d3000-7fefc21e9000 r-xp 00000000 08:01 407868                     /usr/lib/jvm/java-8-oracle/jre/lib/amd64/jli/libjli.so
7fefc21e9000-7fefc23e8000 ---p 00016000 08:01 407868                     /usr/lib/jvm/java-8-oracle/jre/lib/amd64/jli/libjli.so
7fefc23e8000-7fefc23e9000 rw-p 00015000 08:01 407868                     /usr/lib/jvm/java-8-oracle/jre/lib/amd64/jli/libjli.so
7fefc23e9000-7fefc2402000 r-xp 00000000 08:01 3109                       /lib/x86_64-linux-gnu/libpthread-2.19.so
7fefc2402000-7fefc2601000 ---p 00019000 08:01 3109                       /lib/x86_64-linux-gnu/libpthread-2.19.so
7fefc2601000-7fefc2602000 r--p 00018000 08:01 3109                       /lib/x86_64-linux-gnu/libpthread-2.19.so
7fefc2602000-7fefc2603000 rw-p 00019000 08:01 3109                       /lib/x86_64-linux-gnu/libpthread-2.19.so
7fefc2603000-7fefc2607000 rw-p 00000000 00:00 0 
7fefc2607000-7fefc262a000 r-xp 00000000 08:01 2995                       /lib/x86_64-linux-gnu/ld-2.19.so
7fefc262e000-7fefc2632000 r--s 012f4000 08:01 928668                     /home/vagrant/Desktop/running-location-system/spring-cloud-nike-running/running-location-updater/target/running-location-updater-1.0.0.BUILD-SNAPSHOT.jar
7fefc2632000-7fefc2717000 rw-p 00000000 00:00 0 
7fefc2717000-7fefc271a000 ---p 00000000 00:00 0 
7fefc271a000-7fefc281d000 rw-p 00000000 00:00 0                          [stack:10754]
7fefc281f000-7fefc2827000 rw-s 00000000 08:01 928675                     /tmp/hsperfdata_vagrant/10753
7fefc2827000-7fefc2828000 rw-p 00000000 00:00 0 
7fefc2828000-7fefc2829000 r--p 00000000 00:00 0 
7fefc2829000-7fefc282a000 r--p 00022000 08:01 2995                       /lib/x86_64-linux-gnu/ld-2.19.so
7fefc282a000-7fefc282b000 rw-p 00023000 08:01 2995                       /lib/x86_64-linux-gnu/ld-2.19.so
7fefc282b000-7fefc282c000 rw-p 00000000 00:00 0 
7fff2394a000-7fff2396b000 rw-p 00000000 00:00 0                          [stack]
7fff239d2000-7fff239d4000 r-xp 00000000 00:00 0                          [vdso]
ffffffffff600000-ffffffffff601000 r-xp 00000000 00:00 0                  [vsyscall]

VM Arguments:
java_command: ./target/running-location-updater-1.0.0.BUILD-SNAPSHOT.jar
java_class_path (initial): ./target/running-location-updater-1.0.0.BUILD-SNAPSHOT.jar
Launcher Type: SUN_STANDARD

Environment Variables:
JAVA_HOME=/usr/lib/jvm/java-8-oracle
PATH=/usr/local/sbin:/usr/local/bin:/usr/sbin:/usr/bin:/sbin:/bin:/usr/games:/usr/local/games:/usr/lib/jvm/java-8-oracle/bin:/usr/lib/jvm/java-8-oracle/db/bin:/usr/lib/jvm/java-8-oracle/jre/bin
SHELL=/bin/zsh
DISPLAY=:0.0

Signal Handlers:
SIGSEGV: [libjvm.so+0xad01e0], sa_mask[0]=11111111011111111101111111111110, sa_flags=SA_RESTART|SA_SIGINFO
SIGBUS: [libjvm.so+0xad01e0], sa_mask[0]=11111111011111111101111111111110, sa_flags=SA_RESTART|SA_SIGINFO
SIGFPE: [libjvm.so+0x927fb0], sa_mask[0]=11111111011111111101111111111110, sa_flags=SA_RESTART|SA_SIGINFO
SIGPIPE: [libjvm.so+0x927fb0], sa_mask[0]=11111111011111111101111111111110, sa_flags=SA_RESTART|SA_SIGINFO
SIGXFSZ: [libjvm.so+0x927fb0], sa_mask[0]=11111111011111111101111111111110, sa_flags=SA_RESTART|SA_SIGINFO
SIGILL: [libjvm.so+0x927fb0], sa_mask[0]=11111111011111111101111111111110, sa_flags=SA_RESTART|SA_SIGINFO
SIGUSR1: SIG_DFL, sa_mask[0]=00000000000000000000000000000000, sa_flags=none
SIGUSR2: [libjvm.so+0x9297f0], sa_mask[0]=00000000000000000000000000000000, sa_flags=SA_RESTART|SA_SIGINFO
SIGHUP: [libjvm.so+0x92abf0], sa_mask[0]=11111111011111111101111111111110, sa_flags=SA_RESTART|SA_SIGINFO
SIGINT: [libjvm.so+0x92abf0], sa_mask[0]=11111111011111111101111111111110, sa_flags=SA_RESTART|SA_SIGINFO
SIGTERM: [libjvm.so+0x92abf0], sa_mask[0]=11111111011111111101111111111110, sa_flags=SA_RESTART|SA_SIGINFO
SIGQUIT: [libjvm.so+0x92abf0], sa_mask[0]=11111111011111111101111111111110, sa_flags=SA_RESTART|SA_SIGINFO


---------------  S Y S T E M  ---------------

OS:DISTRIB_ID=Ubuntu
DISTRIB_RELEASE=14.04
DISTRIB_CODENAME=trusty
DISTRIB_DESCRIPTION="Ubuntu 14.04.5 LTS"

uname:Linux 3.13.0-144-generic #193-Ubuntu SMP Thu Mar 15 17:03:53 UTC 2018 x86_64
libc:glibc 2.19 NPTL 2.19 
rlimit: STACK 8192k, CORE 0k, NPROC 31453, NOFILE 4096, AS infinity
load average:10.84 4.12 1.91

/proc/meminfo:
MemTotal:        4048092 kB
MemFree:           89764 kB
Buffers:             132 kB
Cached:            27680 kB
SwapCached:            0 kB
Active:          3819636 kB
Inactive:          23528 kB
Active(anon):    3815972 kB
Inactive(anon):    20212 kB
Active(file):       3664 kB
Inactive(file):     3316 kB
Unevictable:           4 kB
Mlocked:               4 kB
SwapTotal:             0 kB
SwapFree:              0 kB
Dirty:                56 kB
Writeback:             0 kB
AnonPages:       3815640 kB
Mapped:            25116 kB
Shmem:             20548 kB
Slab:              40156 kB
SReclaimable:      18172 kB
SUnreclaim:        21984 kB
KernelStack:        4512 kB
PageTables:        29656 kB
NFS_Unstable:          0 kB
Bounce:                0 kB
WritebackTmp:          0 kB
CommitLimit:     2024044 kB
Committed_AS:    6036100 kB
VmallocTotal:   34359738367 kB
VmallocUsed:       14232 kB
VmallocChunk:   34359718748 kB
HardwareCorrupted:     0 kB
AnonHugePages:   2402304 kB
HugePages_Total:       0
HugePages_Free:        0
HugePages_Rsvd:        0
HugePages_Surp:        0
Hugepagesize:       2048 kB
DirectMap4k:       53184 kB
DirectMap2M:     4141056 kB


CPU:total 2 (initial active 2) (2 cores per cpu, 1 threads per core) family 6 model 61 stepping 4, cmov, cx8, fxsr, mmx, sse, sse2, sse3, ssse3, sse4.1, sse4.2, popcnt, avx, aes, clmul, 3dnowpref, lzcnt, tsc, tscinvbit

/proc/cpuinfo:
processor	: 0
vendor_id	: GenuineIntel
cpu family	: 6
model		: 61
model name	: Intel(R) Core(TM) M-5Y31 CPU @ 0.90GHz
stepping	: 4
cpu MHz		: 1097.200
cache size	: 4096 KB
physical id	: 0
siblings	: 2
core id		: 0
cpu cores	: 2
apicid		: 0
initial apicid	: 0
fpu		: yes
fpu_exception	: yes
cpuid level	: 20
wp		: yes
flags		: fpu vme de pse tsc msr pae mce cx8 apic sep mtrr pge mca cmov pat pse36 clflush mmx fxsr sse sse2 ht syscall nx rdtscp lm constant_tsc rep_good nopl xtopology nonstop_tsc pni pclmulqdq ssse3 cx16 sse4_1 sse4_2 movbe popcnt aes xsave avx rdrand lahf_lm abm 3dnowprefetch retpoline rdseed
bogomips	: 2194.40
clflush size	: 64
cache_alignment	: 64
address sizes	: 39 bits physical, 48 bits virtual
power management:

processor	: 1
vendor_id	: GenuineIntel
cpu family	: 6
model		: 61
model name	: Intel(R) Core(TM) M-5Y31 CPU @ 0.90GHz
stepping	: 4
cpu MHz		: 1097.200
cache size	: 4096 KB
physical id	: 0
siblings	: 2
core id		: 1
cpu cores	: 2
apicid		: 1
initial apicid	: 1
fpu		: yes
fpu_exception	: yes
cpuid level	: 20
wp		: yes
flags		: fpu vme de pse tsc msr pae mce cx8 apic sep mtrr pge mca cmov pat pse36 clflush mmx fxsr sse sse2 ht syscall nx rdtscp lm constant_tsc rep_good nopl xtopology nonstop_tsc pni pclmulqdq ssse3 cx16 sse4_1 sse4_2 movbe popcnt aes xsave avx rdrand lahf_lm abm 3dnowprefetch retpoline rdseed
bogomips	: 2194.40
clflush size	: 64
cache_alignment	: 64
address sizes	: 39 bits physical, 48 bits virtual
power management:



Memory: 4k page, physical 4048092k(88880k free), swap 0k(0k free)

vm_info: Java HotSpot(TM) 64-Bit Server VM (25.161-b12) for linux-amd64 JRE (1.8.0_161-b12), built on Dec 19 2017 16:12:43 by "java_re" with gcc 4.3.0 20080428 (Red Hat 4.3.0-8)

time: Sat May 19 15:16:29 2018
elapsed time: 108 seconds (0d 0h 1m 48s)

